[INFO  - 2020-05-15T10:03:46.177Z] GhostDriver - Main - running on port 34039
[INFO  - 2020-05-15T10:03:47.095Z] Session [5e136630-9693-11ea-b2a6-0905469f5397] - page.settings - {"XSSAuditingEnabled":false,"javascriptCanCloseWindows":true,"javascriptCanOpenWindows":true,"javascriptEnabled":true,"loadImages":true,"localToRemoteUrlAccessEnabled":false,"userAgent":"Mozilla/5.0 (Unknown; Linux x86_64) AppleWebKit/538.1 (KHTML, like Gecko) PhantomJS/2.1.1 Safari/538.1","webSecurityEnabled":true}
[INFO  - 2020-05-15T10:03:47.095Z] Session [5e136630-9693-11ea-b2a6-0905469f5397] - page.customHeaders:  - {}
[INFO  - 2020-05-15T10:03:47.095Z] Session [5e136630-9693-11ea-b2a6-0905469f5397] - Session.negotiatedCapabilities - {"browserName":"phantomjs","version":"2.1.1","driverName":"ghostdriver","driverVersion":"1.2.0","platform":"linux-unknown-64bit","javascriptEnabled":true,"takesScreenshot":true,"handlesAlerts":false,"databaseEnabled":false,"locationContextEnabled":false,"applicationCacheEnabled":false,"browserConnectionEnabled":false,"cssSelectorsEnabled":true,"webStorageEnabled":false,"rotatable":false,"acceptSslCerts":false,"nativeEvents":true,"proxy":{"proxyType":"direct"}}
[INFO  - 2020-05-15T10:03:47.095Z] SessionManagerReqHand - _postNewSessionCommand - New Session Created: 5e136630-9693-11ea-b2a6-0905469f5397
[ERROR - 2020-05-15T10:03:48.921Z] WebElementLocator - _handleLocateCommand - Element(s) NOT Found: GAVE UP. Search Stop Time: 1589537028904

  phantomjs://platform/console++.js:263 in error
[ERROR - 2020-05-15T10:03:49.708Z] WebElementLocator - _handleLocateCommand - Element(s) NOT Found: GAVE UP. Search Stop Time: 1589537029697

  phantomjs://platform/console++.js:263 in error
[ERROR - 2020-05-15T10:03:50.491Z] WebElementLocator - _handleLocateCommand - Element(s) NOT Found: GAVE UP. Search Stop Time: 1589537030475

  phantomjs://platform/console++.js:263 in error
[ERROR - 2020-05-15T10:03:51.278Z] WebElementLocator - _handleLocateCommand - Element(s) NOT Found: GAVE UP. Search Stop Time: 1589537031265

  phantomjs://platform/console++.js:263 in error
[ERROR - 2020-05-15T10:03:52.563Z] WebElementLocator - _handleLocateCommand - Element(s) NOT Found: GAVE UP. Search Stop Time: 1589537032185

  phantomjs://platform/console++.js:263 in error
[ERROR - 2020-05-15T10:03:54.378Z] WebElementLocator - _handleLocateCommand - Element(s) NOT Found: GAVE UP. Search Stop Time: 1589537034237

  phantomjs://platform/console++.js:263 in error
[ERROR - 2020-05-15T10:03:56.348Z] WebElementLocator - _handleLocateCommand - Element(s) NOT Found: GAVE UP. Search Stop Time: 1589537036222

  phantomjs://platform/console++.js:263 in error
[ERROR - 2020-05-15T10:03:58.306Z] WebElementLocator - _handleLocateCommand - Element(s) NOT Found: GAVE UP. Search Stop Time: 1589537038187

  phantomjs://platform/console++.js:263 in error
[ERROR - 2020-05-15T10:04:00.246Z] WebElementLocator - _handleLocateCommand - Element(s) NOT Found: GAVE UP. Search Stop Time: 1589537040140

  phantomjs://platform/console++.js:263 in error
